<?xml version="1.0" encoding="UTF-8"?>
<testsuite xmlns:xsi="http://www.w3.org/2001/XMLSchema-instance" xsi:noNamespaceSchemaLocation="https://maven.apache.org/surefire/maven-surefire-plugin/xsd/surefire-test-report.xsd" name="project.recommendationandtroubleshooting.RecommendationAndTroubleshootingApplicationTests" time="11.55" tests="1" errors="0" skipped="0" failures="0">
  <properties>
    <property name="sun.desktop" value="windows"/>
    <property name="awt.toolkit" value="sun.awt.windows.WToolkit"/>
    <property name="file.encoding.pkg" value="sun.io"/>
    <property name="java.specification.version" value="1.8"/>
    <property name="sun.cpu.isalist" value="amd64"/>
    <property name="sun.jnu.encoding" value="Cp1252"/>
    <property name="java.class.path" value="C:\sbnz\projekat\SBNZ\recommendation-and-troubleshooting\target\test-classes;C:\sbnz\projekat\SBNZ\recommendation-and-troubleshooting\target\classes;C:\Users\Korisnik\.m2\repository\org\springframework\boot\spring-boot-starter-data-jpa\2.4.5\spring-boot-starter-data-jpa-2.4.5.jar;C:\Users\Korisnik\.m2\repository\org\springframework\boot\spring-boot-starter-aop\2.4.5\spring-boot-starter-aop-2.4.5.jar;C:\Users\Korisnik\.m2\repository\org\springframework\spring-aop\5.3.6\spring-aop-5.3.6.jar;C:\Users\Korisnik\.m2\repository\org\aspectj\aspectjweaver\1.9.6\aspectjweaver-1.9.6.jar;C:\Users\Korisnik\.m2\repository\org\springframework\boot\spring-boot-starter-jdbc\2.4.5\spring-boot-starter-jdbc-2.4.5.jar;C:\Users\Korisnik\.m2\repository\com\zaxxer\HikariCP\3.4.5\HikariCP-3.4.5.jar;C:\Users\Korisnik\.m2\repository\org\springframework\spring-jdbc\5.3.6\spring-jdbc-5.3.6.jar;C:\Users\Korisnik\.m2\repository\jakarta\transaction\jakarta.transaction-api\1.3.3\jakarta.transaction-api-1.3.3.jar;C:\Users\Korisnik\.m2\repository\jakarta\persistence\jakarta.persistence-api\2.2.3\jakarta.persistence-api-2.2.3.jar;C:\Users\Korisnik\.m2\repository\org\hibernate\hibernate-core\5.4.30.Final\hibernate-core-5.4.30.Final.jar;C:\Users\Korisnik\.m2\repository\org\jboss\logging\jboss-logging\3.4.1.Final\jboss-logging-3.4.1.Final.jar;C:\Users\Korisnik\.m2\repository\org\javassist\javassist\3.27.0-GA\javassist-3.27.0-GA.jar;C:\Users\Korisnik\.m2\repository\net\bytebuddy\byte-buddy\1.10.22\byte-buddy-1.10.22.jar;C:\Users\Korisnik\.m2\repository\antlr\antlr\2.7.7\antlr-2.7.7.jar;C:\Users\Korisnik\.m2\repository\org\jboss\jandex\2.2.3.Final\jandex-2.2.3.Final.jar;C:\Users\Korisnik\.m2\repository\org\dom4j\dom4j\2.1.3\dom4j-2.1.3.jar;C:\Users\Korisnik\.m2\repository\org\hibernate\common\hibernate-commons-annotations\5.1.2.Final\hibernate-commons-annotations-5.1.2.Final.jar;C:\Users\Korisnik\.m2\repository\org\glassfish\jaxb\jaxb-runtime\2.3.4\jaxb-runtime-2.3.4.jar;C:\Users\Korisnik\.m2\repository\org\glassfish\jaxb\txw2\2.3.4\txw2-2.3.4.jar;C:\Users\Korisnik\.m2\repository\com\sun\istack\istack-commons-runtime\3.0.12\istack-commons-runtime-3.0.12.jar;C:\Users\Korisnik\.m2\repository\com\sun\activation\jakarta.activation\1.2.2\jakarta.activation-1.2.2.jar;C:\Users\Korisnik\.m2\repository\org\springframework\data\spring-data-jpa\2.4.8\spring-data-jpa-2.4.8.jar;C:\Users\Korisnik\.m2\repository\org\springframework\data\spring-data-commons\2.4.8\spring-data-commons-2.4.8.jar;C:\Users\Korisnik\.m2\repository\org\springframework\spring-orm\5.3.6\spring-orm-5.3.6.jar;C:\Users\Korisnik\.m2\repository\org\springframework\spring-context\5.3.6\spring-context-5.3.6.jar;C:\Users\Korisnik\.m2\repository\org\springframework\spring-tx\5.3.6\spring-tx-5.3.6.jar;C:\Users\Korisnik\.m2\repository\org\springframework\spring-beans\5.3.6\spring-beans-5.3.6.jar;C:\Users\Korisnik\.m2\repository\org\springframework\spring-aspects\5.3.6\spring-aspects-5.3.6.jar;C:\Users\Korisnik\.m2\repository\org\springframework\boot\spring-boot-starter-web\2.4.5\spring-boot-starter-web-2.4.5.jar;C:\Users\Korisnik\.m2\repository\org\springframework\boot\spring-boot-starter\2.4.5\spring-boot-starter-2.4.5.jar;C:\Users\Korisnik\.m2\repository\org\springframework\boot\spring-boot\2.4.5\spring-boot-2.4.5.jar;C:\Users\Korisnik\.m2\repository\org\springframework\boot\spring-boot-autoconfigure\2.4.5\spring-boot-autoconfigure-2.4.5.jar;C:\Users\Korisnik\.m2\repository\org\springframework\boot\spring-boot-starter-logging\2.4.5\spring-boot-starter-logging-2.4.5.jar;C:\Users\Korisnik\.m2\repository\ch\qos\logback\logback-classic\1.2.3\logback-classic-1.2.3.jar;C:\Users\Korisnik\.m2\repository\ch\qos\logback\logback-core\1.2.3\logback-core-1.2.3.jar;C:\Users\Korisnik\.m2\repository\org\apache\logging\log4j\log4j-to-slf4j\2.13.3\log4j-to-slf4j-2.13.3.jar;C:\Users\Korisnik\.m2\repository\org\apache\logging\log4j\log4j-api\2.13.3\log4j-api-2.13.3.jar;C:\Users\Korisnik\.m2\repository\org\slf4j\jul-to-slf4j\1.7.30\jul-to-slf4j-1.7.30.jar;C:\Users\Korisnik\.m2\repository\jakarta\annotation\jakarta.annotation-api\1.3.5\jakarta.annotation-api-1.3.5.jar;C:\Users\Korisnik\.m2\repository\org\yaml\snakeyaml\1.27\snakeyaml-1.27.jar;C:\Users\Korisnik\.m2\repository\org\springframework\boot\spring-boot-starter-json\2.4.5\spring-boot-starter-json-2.4.5.jar;C:\Users\Korisnik\.m2\repository\com\fasterxml\jackson\core\jackson-databind\2.11.4\jackson-databind-2.11.4.jar;C:\Users\Korisnik\.m2\repository\com\fasterxml\jackson\core\jackson-core\2.11.4\jackson-core-2.11.4.jar;C:\Users\Korisnik\.m2\repository\com\fasterxml\jackson\datatype\jackson-datatype-jdk8\2.11.4\jackson-datatype-jdk8-2.11.4.jar;C:\Users\Korisnik\.m2\repository\com\fasterxml\jackson\datatype\jackson-datatype-jsr310\2.11.4\jackson-datatype-jsr310-2.11.4.jar;C:\Users\Korisnik\.m2\repository\com\fasterxml\jackson\module\jackson-module-parameter-names\2.11.4\jackson-module-parameter-names-2.11.4.jar;C:\Users\Korisnik\.m2\repository\org\springframework\boot\spring-boot-starter-tomcat\2.4.5\spring-boot-starter-tomcat-2.4.5.jar;C:\Users\Korisnik\.m2\repository\org\apache\tomcat\embed\tomcat-embed-core\9.0.45\tomcat-embed-core-9.0.45.jar;C:\Users\Korisnik\.m2\repository\org\glassfish\jakarta.el\3.0.3\jakarta.el-3.0.3.jar;C:\Users\Korisnik\.m2\repository\org\apache\tomcat\embed\tomcat-embed-websocket\9.0.45\tomcat-embed-websocket-9.0.45.jar;C:\Users\Korisnik\.m2\repository\org\springframework\spring-web\5.3.6\spring-web-5.3.6.jar;C:\Users\Korisnik\.m2\repository\org\springframework\spring-webmvc\5.3.6\spring-webmvc-5.3.6.jar;C:\Users\Korisnik\.m2\repository\org\springframework\spring-expression\5.3.6\spring-expression-5.3.6.jar;C:\Users\Korisnik\.m2\repository\org\kie\kie-ci\7.17.0.Final\kie-ci-7.17.0.Final.jar;C:\Users\Korisnik\.m2\repository\org\drools\drools-core\7.17.0.Final\drools-core-7.17.0.Final.jar;C:\Users\Korisnik\.m2\repository\org\kie\soup\kie-soup-commons\7.17.0.Final\kie-soup-commons-7.17.0.Final.jar;C:\Users\Korisnik\.m2\repository\org\kie\soup\kie-soup-project-datamodel-commons\7.17.0.Final\kie-soup-project-datamodel-commons-7.17.0.Final.jar;C:\Users\Korisnik\.m2\repository\org\kie\soup\kie-soup-project-datamodel-api\7.17.0.Final\kie-soup-project-datamodel-api-7.17.0.Final.jar;C:\Users\Korisnik\.m2\repository\commons-codec\commons-codec\1.15\commons-codec-1.15.jar;C:\Users\Korisnik\.m2\repository\org\drools\drools-compiler\7.17.0.Final\drools-compiler-7.17.0.Final.jar;C:\Users\Korisnik\.m2\repository\org\antlr\antlr-runtime\3.5.2\antlr-runtime-3.5.2.jar;C:\Users\Korisnik\.m2\repository\org\eclipse\jdt\core\compiler\ecj\4.6.1\ecj-4.6.1.jar;C:\Users\Korisnik\.m2\repository\com\thoughtworks\xstream\xstream\1.4.10\xstream-1.4.10.jar;C:\Users\Korisnik\.m2\repository\xmlpull\xmlpull\1.1.3.1\xmlpull-1.1.3.1.jar;C:\Users\Korisnik\.m2\repository\xpp3\xpp3_min\1.1.4c\xpp3_min-1.1.4c.jar;C:\Users\Korisnik\.m2\repository\com\google\protobuf\protobuf-java\3.6.1\protobuf-java-3.6.1.jar;C:\Users\Korisnik\.m2\repository\org\kie\kie-internal\7.17.0.Final\kie-internal-7.17.0.Final.jar;C:\Users\Korisnik\.m2\repository\org\kie\kie-api\7.17.0.Final\kie-api-7.17.0.Final.jar;C:\Users\Korisnik\.m2\repository\org\kie\soup\kie-soup-maven-support\7.17.0.Final\kie-soup-maven-support-7.17.0.Final.jar;C:\Users\Korisnik\.m2\repository\org\kie\soup\kie-soup-maven-integration\7.17.0.Final\kie-soup-maven-integration-7.17.0.Final.jar;C:\Users\Korisnik\.m2\repository\org\apache\maven\maven-artifact\3.3.9\maven-artifact-3.3.9.jar;C:\Users\Korisnik\.m2\repository\org\apache\commons\commons-lang3\3.11\commons-lang3-3.11.jar;C:\Users\Korisnik\.m2\repository\org\apache\maven\maven-core\3.3.9\maven-core-3.3.9.jar;C:\Users\Korisnik\.m2\repository\org\apache\maven\maven-repository-metadata\3.3.9\maven-repository-metadata-3.3.9.jar;C:\Users\Korisnik\.m2\repository\org\codehaus\plexus\plexus-interpolation\1.21\plexus-interpolation-1.21.jar;C:\Users\Korisnik\.m2\repository\org\codehaus\plexus\plexus-component-annotations\1.6\plexus-component-annotations-1.6.jar;C:\Users\Korisnik\.m2\repository\org\apache\maven\maven-model\3.3.9\maven-model-3.3.9.jar;C:\Users\Korisnik\.m2\repository\org\apache\maven\maven-model-builder\3.3.9\maven-model-builder-3.3.9.jar;C:\Users\Korisnik\.m2\repository\org\apache\maven\maven-builder-support\3.3.9\maven-builder-support-3.3.9.jar;C:\Users\Korisnik\.m2\repository\org\apache\maven\maven-plugin-api\3.3.9\maven-plugin-api-3.3.9.jar;C:\Users\Korisnik\.m2\repository\org\apache\maven\maven-settings\3.3.9\maven-settings-3.3.9.jar;C:\Users\Korisnik\.m2\repository\org\apache\maven\maven-settings-builder\3.3.9\maven-settings-builder-3.3.9.jar;C:\Users\Korisnik\.m2\repository\org\apache\maven\maven-compat\3.3.9\maven-compat-3.3.9.jar;C:\Users\Korisnik\.m2\repository\org\apache\maven\maven-aether-provider\3.3.9\maven-aether-provider-3.3.9.jar;C:\Users\Korisnik\.m2\repository\org\apache\maven\wagon\wagon-provider-api\3.0.0\wagon-provider-api-3.0.0.jar;C:\Users\Korisnik\.m2\repository\org\sonatype\plexus\plexus-sec-dispatcher\1.3\plexus-sec-dispatcher-1.3.jar;C:\Users\Korisnik\.m2\repository\org\codehaus\plexus\plexus-classworlds\2.5.2\plexus-classworlds-2.5.2.jar;C:\Users\Korisnik\.m2\repository\org\codehaus\plexus\plexus-utils\3.0.22\plexus-utils-3.0.22.jar;C:\Users\Korisnik\.m2\repository\org\eclipse\aether\aether-api\1.1.0\aether-api-1.1.0.jar;C:\Users\Korisnik\.m2\repository\org\eclipse\aether\aether-util\1.1.0\aether-util-1.1.0.jar;C:\Users\Korisnik\.m2\repository\org\eclipse\aether\aether-impl\1.1.0\aether-impl-1.1.0.jar;C:\Users\Korisnik\.m2\repository\org\eclipse\aether\aether-connector-basic\1.1.0\aether-connector-basic-1.1.0.jar;C:\Users\Korisnik\.m2\repository\org\eclipse\aether\aether-spi\1.1.0\aether-spi-1.1.0.jar;C:\Users\Korisnik\.m2\repository\org\eclipse\aether\aether-transport-wagon\1.1.0\aether-transport-wagon-1.1.0.jar;C:\Users\Korisnik\.m2\repository\org\eclipse\aether\aether-transport-file\1.1.0\aether-transport-file-1.1.0.jar;C:\Users\Korisnik\.m2\repository\org\eclipse\aether\aether-transport-http\1.1.0\aether-transport-http-1.1.0.jar;C:\Users\Korisnik\.m2\repository\org\apache\httpcomponents\httpclient\4.5.13\httpclient-4.5.13.jar;C:\Users\Korisnik\.m2\repository\org\eclipse\sisu\org.eclipse.sisu.plexus\0.3.2\org.eclipse.sisu.plexus-0.3.2.jar;C:\Users\Korisnik\.m2\repository\javax\enterprise\cdi-api\1.0\cdi-api-1.0.jar;C:\Users\Korisnik\.m2\repository\javax\annotation\jsr250-api\1.0\jsr250-api-1.0.jar;C:\Users\Korisnik\.m2\repository\org\eclipse\sisu\org.eclipse.sisu.inject\0.3.2\org.eclipse.sisu.inject-0.3.2.jar;C:\Users\Korisnik\.m2\repository\org\apache\ant\ant\1.8.4\ant-1.8.4.jar;C:\Users\Korisnik\.m2\repository\org\apache\ant\ant-launcher\1.8.4\ant-launcher-1.8.4.jar;C:\Users\Korisnik\.m2\repository\org\apache\maven\wagon\wagon-http\3.0.0\wagon-http-3.0.0.jar;C:\Users\Korisnik\.m2\repository\org\apache\maven\wagon\wagon-http-shared\3.0.0\wagon-http-shared-3.0.0.jar;C:\Users\Korisnik\.m2\repository\org\jsoup\jsoup\1.7.2\jsoup-1.7.2.jar;C:\Users\Korisnik\.m2\repository\commons-io\commons-io\2.5\commons-io-2.5.jar;C:\Users\Korisnik\.m2\repository\org\slf4j\jcl-over-slf4j\1.7.30\jcl-over-slf4j-1.7.30.jar;C:\Users\Korisnik\.m2\repository\org\apache\httpcomponents\httpcore\4.4.14\httpcore-4.4.14.jar;C:\Users\Korisnik\.m2\repository\org\sonatype\plexus\plexus-cipher\1.7\plexus-cipher-1.7.jar;C:\Users\Korisnik\.m2\repository\com\google\inject\guice\4.0\guice-4.0-no_aop.jar;C:\Users\Korisnik\.m2\repository\javax\inject\javax.inject\1\javax.inject-1.jar;C:\Users\Korisnik\.m2\repository\aopalliance\aopalliance\1.0\aopalliance-1.0.jar;C:\Users\Korisnik\.m2\repository\org\slf4j\slf4j-api\1.7.30\slf4j-api-1.7.30.jar;C:\Users\Korisnik\.m2\repository\org\drools\drools-templates\7.17.0.Final\drools-templates-7.17.0.Final.jar;C:\Users\Korisnik\.m2\repository\org\mvel\mvel2\2.4.3.Final\mvel2-2.4.3.Final.jar;C:\Users\Korisnik\.m2\repository\org\postgresql\postgresql\42.2.19\postgresql-42.2.19.jar;C:\Users\Korisnik\.m2\repository\org\checkerframework\checker-qual\3.5.0\checker-qual-3.5.0.jar;C:\Users\Korisnik\.m2\repository\io\springfox\springfox-swagger2\2.8.0\springfox-swagger2-2.8.0.jar;C:\Users\Korisnik\.m2\repository\io\swagger\swagger-annotations\1.5.14\swagger-annotations-1.5.14.jar;C:\Users\Korisnik\.m2\repository\io\swagger\swagger-models\1.5.14\swagger-models-1.5.14.jar;C:\Users\Korisnik\.m2\repository\com\fasterxml\jackson\core\jackson-annotations\2.11.4\jackson-annotations-2.11.4.jar;C:\Users\Korisnik\.m2\repository\io\springfox\springfox-spi\2.8.0\springfox-spi-2.8.0.jar;C:\Users\Korisnik\.m2\repository\io\springfox\springfox-core\2.8.0\springfox-core-2.8.0.jar;C:\Users\Korisnik\.m2\repository\io\springfox\springfox-schema\2.8.0\springfox-schema-2.8.0.jar;C:\Users\Korisnik\.m2\repository\io\springfox\springfox-swagger-common\2.8.0\springfox-swagger-common-2.8.0.jar;C:\Users\Korisnik\.m2\repository\io\springfox\springfox-spring-web\2.8.0\springfox-spring-web-2.8.0.jar;C:\Users\Korisnik\.m2\repository\org\reflections\reflections\0.9.11\reflections-0.9.11.jar;C:\Users\Korisnik\.m2\repository\com\google\guava\guava\20.0\guava-20.0.jar;C:\Users\Korisnik\.m2\repository\com\fasterxml\classmate\1.5.1\classmate-1.5.1.jar;C:\Users\Korisnik\.m2\repository\org\springframework\plugin\spring-plugin-core\1.2.0.RELEASE\spring-plugin-core-1.2.0.RELEASE.jar;C:\Users\Korisnik\.m2\repository\org\springframework\plugin\spring-plugin-metadata\1.2.0.RELEASE\spring-plugin-metadata-1.2.0.RELEASE.jar;C:\Users\Korisnik\.m2\repository\org\mapstruct\mapstruct\1.2.0.Final\mapstruct-1.2.0.Final.jar;C:\Users\Korisnik\.m2\repository\io\springfox\springfox-swagger-ui\2.8.0\springfox-swagger-ui-2.8.0.jar;C:\Users\Korisnik\.m2\repository\org\projectlombok\lombok\1.18.20\lombok-1.18.20.jar;C:\Users\Korisnik\.m2\repository\org\springframework\boot\spring-boot-starter-test\2.4.5\spring-boot-starter-test-2.4.5.jar;C:\Users\Korisnik\.m2\repository\org\springframework\boot\spring-boot-test\2.4.5\spring-boot-test-2.4.5.jar;C:\Users\Korisnik\.m2\repository\org\springframework\boot\spring-boot-test-autoconfigure\2.4.5\spring-boot-test-autoconfigure-2.4.5.jar;C:\Users\Korisnik\.m2\repository\com\jayway\jsonpath\json-path\2.4.0\json-path-2.4.0.jar;C:\Users\Korisnik\.m2\repository\net\minidev\json-smart\2.3\json-smart-2.3.jar;C:\Users\Korisnik\.m2\repository\net\minidev\accessors-smart\1.2\accessors-smart-1.2.jar;C:\Users\Korisnik\.m2\repository\org\ow2\asm\asm\5.0.4\asm-5.0.4.jar;C:\Users\Korisnik\.m2\repository\jakarta\xml\bind\jakarta.xml.bind-api\2.3.3\jakarta.xml.bind-api-2.3.3.jar;C:\Users\Korisnik\.m2\repository\jakarta\activation\jakarta.activation-api\1.2.2\jakarta.activation-api-1.2.2.jar;C:\Users\Korisnik\.m2\repository\org\assertj\assertj-core\3.18.1\assertj-core-3.18.1.jar;C:\Users\Korisnik\.m2\repository\org\hamcrest\hamcrest\2.2\hamcrest-2.2.jar;C:\Users\Korisnik\.m2\repository\org\junit\jupiter\junit-jupiter\5.7.1\junit-jupiter-5.7.1.jar;C:\Users\Korisnik\.m2\repository\org\junit\jupiter\junit-jupiter-api\5.7.1\junit-jupiter-api-5.7.1.jar;C:\Users\Korisnik\.m2\repository\org\apiguardian\apiguardian-api\1.1.0\apiguardian-api-1.1.0.jar;C:\Users\Korisnik\.m2\repository\org\opentest4j\opentest4j\1.2.0\opentest4j-1.2.0.jar;C:\Users\Korisnik\.m2\repository\org\junit\platform\junit-platform-commons\1.7.1\junit-platform-commons-1.7.1.jar;C:\Users\Korisnik\.m2\repository\org\junit\jupiter\junit-jupiter-params\5.7.1\junit-jupiter-params-5.7.1.jar;C:\Users\Korisnik\.m2\repository\org\junit\jupiter\junit-jupiter-engine\5.7.1\junit-jupiter-engine-5.7.1.jar;C:\Users\Korisnik\.m2\repository\org\junit\platform\junit-platform-engine\1.7.1\junit-platform-engine-1.7.1.jar;C:\Users\Korisnik\.m2\repository\org\mockito\mockito-core\3.6.28\mockito-core-3.6.28.jar;C:\Users\Korisnik\.m2\repository\net\bytebuddy\byte-buddy-agent\1.10.22\byte-buddy-agent-1.10.22.jar;C:\Users\Korisnik\.m2\repository\org\objenesis\objenesis\3.1\objenesis-3.1.jar;C:\Users\Korisnik\.m2\repository\org\mockito\mockito-junit-jupiter\3.6.28\mockito-junit-jupiter-3.6.28.jar;C:\Users\Korisnik\.m2\repository\org\skyscreamer\jsonassert\1.5.0\jsonassert-1.5.0.jar;C:\Users\Korisnik\.m2\repository\com\vaadin\external\google\android-json\0.0.20131108.vaadin1\android-json-0.0.20131108.vaadin1.jar;C:\Users\Korisnik\.m2\repository\org\springframework\spring-core\5.3.6\spring-core-5.3.6.jar;C:\Users\Korisnik\.m2\repository\org\springframework\spring-jcl\5.3.6\spring-jcl-5.3.6.jar;C:\Users\Korisnik\.m2\repository\org\springframework\spring-test\5.3.6\spring-test-5.3.6.jar;C:\Users\Korisnik\.m2\repository\org\xmlunit\xmlunit-core\2.7.0\xmlunit-core-2.7.0.jar;"/>
    <property name="java.vm.vendor" value="Oracle Corporation"/>
    <property name="sun.arch.data.model" value="64"/>
    <property name="user.variant" value=""/>
    <property name="java.vendor.url" value="http://java.oracle.com/"/>
    <property name="user.timezone" value="Europe/Prague"/>
    <property name="java.vm.specification.version" value="1.8"/>
    <property name="os.name" value="Windows 10"/>
    <property name="user.country" value="US"/>
    <property name="sun.java.launcher" value="SUN_STANDARD"/>
    <property name="sun.boot.library.path" value="C:\Program Files\Java\jdk1.8.0_271\jre\bin"/>
    <property name="sun.java.command" value="C:\Users\Korisnik\AppData\Local\Temp\surefire4310390953320512404\surefirebooter1067736638176785059.jar C:\Users\Korisnik\AppData\Local\Temp\surefire4310390953320512404 2021-05-17T08-32-43_242-jvmRun1 surefire8994365745952060987tmp surefire_04148987265273788181tmp"/>
    <property name="surefire.test.class.path" value="C:\sbnz\projekat\SBNZ\recommendation-and-troubleshooting\target\test-classes;C:\sbnz\projekat\SBNZ\recommendation-and-troubleshooting\target\classes;C:\Users\Korisnik\.m2\repository\org\springframework\boot\spring-boot-starter-data-jpa\2.4.5\spring-boot-starter-data-jpa-2.4.5.jar;C:\Users\Korisnik\.m2\repository\org\springframework\boot\spring-boot-starter-aop\2.4.5\spring-boot-starter-aop-2.4.5.jar;C:\Users\Korisnik\.m2\repository\org\springframework\spring-aop\5.3.6\spring-aop-5.3.6.jar;C:\Users\Korisnik\.m2\repository\org\aspectj\aspectjweaver\1.9.6\aspectjweaver-1.9.6.jar;C:\Users\Korisnik\.m2\repository\org\springframework\boot\spring-boot-starter-jdbc\2.4.5\spring-boot-starter-jdbc-2.4.5.jar;C:\Users\Korisnik\.m2\repository\com\zaxxer\HikariCP\3.4.5\HikariCP-3.4.5.jar;C:\Users\Korisnik\.m2\repository\org\springframework\spring-jdbc\5.3.6\spring-jdbc-5.3.6.jar;C:\Users\Korisnik\.m2\repository\jakarta\transaction\jakarta.transaction-api\1.3.3\jakarta.transaction-api-1.3.3.jar;C:\Users\Korisnik\.m2\repository\jakarta\persistence\jakarta.persistence-api\2.2.3\jakarta.persistence-api-2.2.3.jar;C:\Users\Korisnik\.m2\repository\org\hibernate\hibernate-core\5.4.30.Final\hibernate-core-5.4.30.Final.jar;C:\Users\Korisnik\.m2\repository\org\jboss\logging\jboss-logging\3.4.1.Final\jboss-logging-3.4.1.Final.jar;C:\Users\Korisnik\.m2\repository\org\javassist\javassist\3.27.0-GA\javassist-3.27.0-GA.jar;C:\Users\Korisnik\.m2\repository\net\bytebuddy\byte-buddy\1.10.22\byte-buddy-1.10.22.jar;C:\Users\Korisnik\.m2\repository\antlr\antlr\2.7.7\antlr-2.7.7.jar;C:\Users\Korisnik\.m2\repository\org\jboss\jandex\2.2.3.Final\jandex-2.2.3.Final.jar;C:\Users\Korisnik\.m2\repository\org\dom4j\dom4j\2.1.3\dom4j-2.1.3.jar;C:\Users\Korisnik\.m2\repository\org\hibernate\common\hibernate-commons-annotations\5.1.2.Final\hibernate-commons-annotations-5.1.2.Final.jar;C:\Users\Korisnik\.m2\repository\org\glassfish\jaxb\jaxb-runtime\2.3.4\jaxb-runtime-2.3.4.jar;C:\Users\Korisnik\.m2\repository\org\glassfish\jaxb\txw2\2.3.4\txw2-2.3.4.jar;C:\Users\Korisnik\.m2\repository\com\sun\istack\istack-commons-runtime\3.0.12\istack-commons-runtime-3.0.12.jar;C:\Users\Korisnik\.m2\repository\com\sun\activation\jakarta.activation\1.2.2\jakarta.activation-1.2.2.jar;C:\Users\Korisnik\.m2\repository\org\springframework\data\spring-data-jpa\2.4.8\spring-data-jpa-2.4.8.jar;C:\Users\Korisnik\.m2\repository\org\springframework\data\spring-data-commons\2.4.8\spring-data-commons-2.4.8.jar;C:\Users\Korisnik\.m2\repository\org\springframework\spring-orm\5.3.6\spring-orm-5.3.6.jar;C:\Users\Korisnik\.m2\repository\org\springframework\spring-context\5.3.6\spring-context-5.3.6.jar;C:\Users\Korisnik\.m2\repository\org\springframework\spring-tx\5.3.6\spring-tx-5.3.6.jar;C:\Users\Korisnik\.m2\repository\org\springframework\spring-beans\5.3.6\spring-beans-5.3.6.jar;C:\Users\Korisnik\.m2\repository\org\springframework\spring-aspects\5.3.6\spring-aspects-5.3.6.jar;C:\Users\Korisnik\.m2\repository\org\springframework\boot\spring-boot-starter-web\2.4.5\spring-boot-starter-web-2.4.5.jar;C:\Users\Korisnik\.m2\repository\org\springframework\boot\spring-boot-starter\2.4.5\spring-boot-starter-2.4.5.jar;C:\Users\Korisnik\.m2\repository\org\springframework\boot\spring-boot\2.4.5\spring-boot-2.4.5.jar;C:\Users\Korisnik\.m2\repository\org\springframework\boot\spring-boot-autoconfigure\2.4.5\spring-boot-autoconfigure-2.4.5.jar;C:\Users\Korisnik\.m2\repository\org\springframework\boot\spring-boot-starter-logging\2.4.5\spring-boot-starter-logging-2.4.5.jar;C:\Users\Korisnik\.m2\repository\ch\qos\logback\logback-classic\1.2.3\logback-classic-1.2.3.jar;C:\Users\Korisnik\.m2\repository\ch\qos\logback\logback-core\1.2.3\logback-core-1.2.3.jar;C:\Users\Korisnik\.m2\repository\org\apache\logging\log4j\log4j-to-slf4j\2.13.3\log4j-to-slf4j-2.13.3.jar;C:\Users\Korisnik\.m2\repository\org\apache\logging\log4j\log4j-api\2.13.3\log4j-api-2.13.3.jar;C:\Users\Korisnik\.m2\repository\org\slf4j\jul-to-slf4j\1.7.30\jul-to-slf4j-1.7.30.jar;C:\Users\Korisnik\.m2\repository\jakarta\annotation\jakarta.annotation-api\1.3.5\jakarta.annotation-api-1.3.5.jar;C:\Users\Korisnik\.m2\repository\org\yaml\snakeyaml\1.27\snakeyaml-1.27.jar;C:\Users\Korisnik\.m2\repository\org\springframework\boot\spring-boot-starter-json\2.4.5\spring-boot-starter-json-2.4.5.jar;C:\Users\Korisnik\.m2\repository\com\fasterxml\jackson\core\jackson-databind\2.11.4\jackson-databind-2.11.4.jar;C:\Users\Korisnik\.m2\repository\com\fasterxml\jackson\core\jackson-core\2.11.4\jackson-core-2.11.4.jar;C:\Users\Korisnik\.m2\repository\com\fasterxml\jackson\datatype\jackson-datatype-jdk8\2.11.4\jackson-datatype-jdk8-2.11.4.jar;C:\Users\Korisnik\.m2\repository\com\fasterxml\jackson\datatype\jackson-datatype-jsr310\2.11.4\jackson-datatype-jsr310-2.11.4.jar;C:\Users\Korisnik\.m2\repository\com\fasterxml\jackson\module\jackson-module-parameter-names\2.11.4\jackson-module-parameter-names-2.11.4.jar;C:\Users\Korisnik\.m2\repository\org\springframework\boot\spring-boot-starter-tomcat\2.4.5\spring-boot-starter-tomcat-2.4.5.jar;C:\Users\Korisnik\.m2\repository\org\apache\tomcat\embed\tomcat-embed-core\9.0.45\tomcat-embed-core-9.0.45.jar;C:\Users\Korisnik\.m2\repository\org\glassfish\jakarta.el\3.0.3\jakarta.el-3.0.3.jar;C:\Users\Korisnik\.m2\repository\org\apache\tomcat\embed\tomcat-embed-websocket\9.0.45\tomcat-embed-websocket-9.0.45.jar;C:\Users\Korisnik\.m2\repository\org\springframework\spring-web\5.3.6\spring-web-5.3.6.jar;C:\Users\Korisnik\.m2\repository\org\springframework\spring-webmvc\5.3.6\spring-webmvc-5.3.6.jar;C:\Users\Korisnik\.m2\repository\org\springframework\spring-expression\5.3.6\spring-expression-5.3.6.jar;C:\Users\Korisnik\.m2\repository\org\kie\kie-ci\7.17.0.Final\kie-ci-7.17.0.Final.jar;C:\Users\Korisnik\.m2\repository\org\drools\drools-core\7.17.0.Final\drools-core-7.17.0.Final.jar;C:\Users\Korisnik\.m2\repository\org\kie\soup\kie-soup-commons\7.17.0.Final\kie-soup-commons-7.17.0.Final.jar;C:\Users\Korisnik\.m2\repository\org\kie\soup\kie-soup-project-datamodel-commons\7.17.0.Final\kie-soup-project-datamodel-commons-7.17.0.Final.jar;C:\Users\Korisnik\.m2\repository\org\kie\soup\kie-soup-project-datamodel-api\7.17.0.Final\kie-soup-project-datamodel-api-7.17.0.Final.jar;C:\Users\Korisnik\.m2\repository\commons-codec\commons-codec\1.15\commons-codec-1.15.jar;C:\Users\Korisnik\.m2\repository\org\drools\drools-compiler\7.17.0.Final\drools-compiler-7.17.0.Final.jar;C:\Users\Korisnik\.m2\repository\org\antlr\antlr-runtime\3.5.2\antlr-runtime-3.5.2.jar;C:\Users\Korisnik\.m2\repository\org\eclipse\jdt\core\compiler\ecj\4.6.1\ecj-4.6.1.jar;C:\Users\Korisnik\.m2\repository\com\thoughtworks\xstream\xstream\1.4.10\xstream-1.4.10.jar;C:\Users\Korisnik\.m2\repository\xmlpull\xmlpull\1.1.3.1\xmlpull-1.1.3.1.jar;C:\Users\Korisnik\.m2\repository\xpp3\xpp3_min\1.1.4c\xpp3_min-1.1.4c.jar;C:\Users\Korisnik\.m2\repository\com\google\protobuf\protobuf-java\3.6.1\protobuf-java-3.6.1.jar;C:\Users\Korisnik\.m2\repository\org\kie\kie-internal\7.17.0.Final\kie-internal-7.17.0.Final.jar;C:\Users\Korisnik\.m2\repository\org\kie\kie-api\7.17.0.Final\kie-api-7.17.0.Final.jar;C:\Users\Korisnik\.m2\repository\org\kie\soup\kie-soup-maven-support\7.17.0.Final\kie-soup-maven-support-7.17.0.Final.jar;C:\Users\Korisnik\.m2\repository\org\kie\soup\kie-soup-maven-integration\7.17.0.Final\kie-soup-maven-integration-7.17.0.Final.jar;C:\Users\Korisnik\.m2\repository\org\apache\maven\maven-artifact\3.3.9\maven-artifact-3.3.9.jar;C:\Users\Korisnik\.m2\repository\org\apache\commons\commons-lang3\3.11\commons-lang3-3.11.jar;C:\Users\Korisnik\.m2\repository\org\apache\maven\maven-core\3.3.9\maven-core-3.3.9.jar;C:\Users\Korisnik\.m2\repository\org\apache\maven\maven-repository-metadata\3.3.9\maven-repository-metadata-3.3.9.jar;C:\Users\Korisnik\.m2\repository\org\codehaus\plexus\plexus-interpolation\1.21\plexus-interpolation-1.21.jar;C:\Users\Korisnik\.m2\repository\org\codehaus\plexus\plexus-component-annotations\1.6\plexus-component-annotations-1.6.jar;C:\Users\Korisnik\.m2\repository\org\apache\maven\maven-model\3.3.9\maven-model-3.3.9.jar;C:\Users\Korisnik\.m2\repository\org\apache\maven\maven-model-builder\3.3.9\maven-model-builder-3.3.9.jar;C:\Users\Korisnik\.m2\repository\org\apache\maven\maven-builder-support\3.3.9\maven-builder-support-3.3.9.jar;C:\Users\Korisnik\.m2\repository\org\apache\maven\maven-plugin-api\3.3.9\maven-plugin-api-3.3.9.jar;C:\Users\Korisnik\.m2\repository\org\apache\maven\maven-settings\3.3.9\maven-settings-3.3.9.jar;C:\Users\Korisnik\.m2\repository\org\apache\maven\maven-settings-builder\3.3.9\maven-settings-builder-3.3.9.jar;C:\Users\Korisnik\.m2\repository\org\apache\maven\maven-compat\3.3.9\maven-compat-3.3.9.jar;C:\Users\Korisnik\.m2\repository\org\apache\maven\maven-aether-provider\3.3.9\maven-aether-provider-3.3.9.jar;C:\Users\Korisnik\.m2\repository\org\apache\maven\wagon\wagon-provider-api\3.0.0\wagon-provider-api-3.0.0.jar;C:\Users\Korisnik\.m2\repository\org\sonatype\plexus\plexus-sec-dispatcher\1.3\plexus-sec-dispatcher-1.3.jar;C:\Users\Korisnik\.m2\repository\org\codehaus\plexus\plexus-classworlds\2.5.2\plexus-classworlds-2.5.2.jar;C:\Users\Korisnik\.m2\repository\org\codehaus\plexus\plexus-utils\3.0.22\plexus-utils-3.0.22.jar;C:\Users\Korisnik\.m2\repository\org\eclipse\aether\aether-api\1.1.0\aether-api-1.1.0.jar;C:\Users\Korisnik\.m2\repository\org\eclipse\aether\aether-util\1.1.0\aether-util-1.1.0.jar;C:\Users\Korisnik\.m2\repository\org\eclipse\aether\aether-impl\1.1.0\aether-impl-1.1.0.jar;C:\Users\Korisnik\.m2\repository\org\eclipse\aether\aether-connector-basic\1.1.0\aether-connector-basic-1.1.0.jar;C:\Users\Korisnik\.m2\repository\org\eclipse\aether\aether-spi\1.1.0\aether-spi-1.1.0.jar;C:\Users\Korisnik\.m2\repository\org\eclipse\aether\aether-transport-wagon\1.1.0\aether-transport-wagon-1.1.0.jar;C:\Users\Korisnik\.m2\repository\org\eclipse\aether\aether-transport-file\1.1.0\aether-transport-file-1.1.0.jar;C:\Users\Korisnik\.m2\repository\org\eclipse\aether\aether-transport-http\1.1.0\aether-transport-http-1.1.0.jar;C:\Users\Korisnik\.m2\repository\org\apache\httpcomponents\httpclient\4.5.13\httpclient-4.5.13.jar;C:\Users\Korisnik\.m2\repository\org\eclipse\sisu\org.eclipse.sisu.plexus\0.3.2\org.eclipse.sisu.plexus-0.3.2.jar;C:\Users\Korisnik\.m2\repository\javax\enterprise\cdi-api\1.0\cdi-api-1.0.jar;C:\Users\Korisnik\.m2\repository\javax\annotation\jsr250-api\1.0\jsr250-api-1.0.jar;C:\Users\Korisnik\.m2\repository\org\eclipse\sisu\org.eclipse.sisu.inject\0.3.2\org.eclipse.sisu.inject-0.3.2.jar;C:\Users\Korisnik\.m2\repository\org\apache\ant\ant\1.8.4\ant-1.8.4.jar;C:\Users\Korisnik\.m2\repository\org\apache\ant\ant-launcher\1.8.4\ant-launcher-1.8.4.jar;C:\Users\Korisnik\.m2\repository\org\apache\maven\wagon\wagon-http\3.0.0\wagon-http-3.0.0.jar;C:\Users\Korisnik\.m2\repository\org\apache\maven\wagon\wagon-http-shared\3.0.0\wagon-http-shared-3.0.0.jar;C:\Users\Korisnik\.m2\repository\org\jsoup\jsoup\1.7.2\jsoup-1.7.2.jar;C:\Users\Korisnik\.m2\repository\commons-io\commons-io\2.5\commons-io-2.5.jar;C:\Users\Korisnik\.m2\repository\org\slf4j\jcl-over-slf4j\1.7.30\jcl-over-slf4j-1.7.30.jar;C:\Users\Korisnik\.m2\repository\org\apache\httpcomponents\httpcore\4.4.14\httpcore-4.4.14.jar;C:\Users\Korisnik\.m2\repository\org\sonatype\plexus\plexus-cipher\1.7\plexus-cipher-1.7.jar;C:\Users\Korisnik\.m2\repository\com\google\inject\guice\4.0\guice-4.0-no_aop.jar;C:\Users\Korisnik\.m2\repository\javax\inject\javax.inject\1\javax.inject-1.jar;C:\Users\Korisnik\.m2\repository\aopalliance\aopalliance\1.0\aopalliance-1.0.jar;C:\Users\Korisnik\.m2\repository\org\slf4j\slf4j-api\1.7.30\slf4j-api-1.7.30.jar;C:\Users\Korisnik\.m2\repository\org\drools\drools-templates\7.17.0.Final\drools-templates-7.17.0.Final.jar;C:\Users\Korisnik\.m2\repository\org\mvel\mvel2\2.4.3.Final\mvel2-2.4.3.Final.jar;C:\Users\Korisnik\.m2\repository\org\postgresql\postgresql\42.2.19\postgresql-42.2.19.jar;C:\Users\Korisnik\.m2\repository\org\checkerframework\checker-qual\3.5.0\checker-qual-3.5.0.jar;C:\Users\Korisnik\.m2\repository\io\springfox\springfox-swagger2\2.8.0\springfox-swagger2-2.8.0.jar;C:\Users\Korisnik\.m2\repository\io\swagger\swagger-annotations\1.5.14\swagger-annotations-1.5.14.jar;C:\Users\Korisnik\.m2\repository\io\swagger\swagger-models\1.5.14\swagger-models-1.5.14.jar;C:\Users\Korisnik\.m2\repository\com\fasterxml\jackson\core\jackson-annotations\2.11.4\jackson-annotations-2.11.4.jar;C:\Users\Korisnik\.m2\repository\io\springfox\springfox-spi\2.8.0\springfox-spi-2.8.0.jar;C:\Users\Korisnik\.m2\repository\io\springfox\springfox-core\2.8.0\springfox-core-2.8.0.jar;C:\Users\Korisnik\.m2\repository\io\springfox\springfox-schema\2.8.0\springfox-schema-2.8.0.jar;C:\Users\Korisnik\.m2\repository\io\springfox\springfox-swagger-common\2.8.0\springfox-swagger-common-2.8.0.jar;C:\Users\Korisnik\.m2\repository\io\springfox\springfox-spring-web\2.8.0\springfox-spring-web-2.8.0.jar;C:\Users\Korisnik\.m2\repository\org\reflections\reflections\0.9.11\reflections-0.9.11.jar;C:\Users\Korisnik\.m2\repository\com\google\guava\guava\20.0\guava-20.0.jar;C:\Users\Korisnik\.m2\repository\com\fasterxml\classmate\1.5.1\classmate-1.5.1.jar;C:\Users\Korisnik\.m2\repository\org\springframework\plugin\spring-plugin-core\1.2.0.RELEASE\spring-plugin-core-1.2.0.RELEASE.jar;C:\Users\Korisnik\.m2\repository\org\springframework\plugin\spring-plugin-metadata\1.2.0.RELEASE\spring-plugin-metadata-1.2.0.RELEASE.jar;C:\Users\Korisnik\.m2\repository\org\mapstruct\mapstruct\1.2.0.Final\mapstruct-1.2.0.Final.jar;C:\Users\Korisnik\.m2\repository\io\springfox\springfox-swagger-ui\2.8.0\springfox-swagger-ui-2.8.0.jar;C:\Users\Korisnik\.m2\repository\org\projectlombok\lombok\1.18.20\lombok-1.18.20.jar;C:\Users\Korisnik\.m2\repository\org\springframework\boot\spring-boot-starter-test\2.4.5\spring-boot-starter-test-2.4.5.jar;C:\Users\Korisnik\.m2\repository\org\springframework\boot\spring-boot-test\2.4.5\spring-boot-test-2.4.5.jar;C:\Users\Korisnik\.m2\repository\org\springframework\boot\spring-boot-test-autoconfigure\2.4.5\spring-boot-test-autoconfigure-2.4.5.jar;C:\Users\Korisnik\.m2\repository\com\jayway\jsonpath\json-path\2.4.0\json-path-2.4.0.jar;C:\Users\Korisnik\.m2\repository\net\minidev\json-smart\2.3\json-smart-2.3.jar;C:\Users\Korisnik\.m2\repository\net\minidev\accessors-smart\1.2\accessors-smart-1.2.jar;C:\Users\Korisnik\.m2\repository\org\ow2\asm\asm\5.0.4\asm-5.0.4.jar;C:\Users\Korisnik\.m2\repository\jakarta\xml\bind\jakarta.xml.bind-api\2.3.3\jakarta.xml.bind-api-2.3.3.jar;C:\Users\Korisnik\.m2\repository\jakarta\activation\jakarta.activation-api\1.2.2\jakarta.activation-api-1.2.2.jar;C:\Users\Korisnik\.m2\repository\org\assertj\assertj-core\3.18.1\assertj-core-3.18.1.jar;C:\Users\Korisnik\.m2\repository\org\hamcrest\hamcrest\2.2\hamcrest-2.2.jar;C:\Users\Korisnik\.m2\repository\org\junit\jupiter\junit-jupiter\5.7.1\junit-jupiter-5.7.1.jar;C:\Users\Korisnik\.m2\repository\org\junit\jupiter\junit-jupiter-api\5.7.1\junit-jupiter-api-5.7.1.jar;C:\Users\Korisnik\.m2\repository\org\apiguardian\apiguardian-api\1.1.0\apiguardian-api-1.1.0.jar;C:\Users\Korisnik\.m2\repository\org\opentest4j\opentest4j\1.2.0\opentest4j-1.2.0.jar;C:\Users\Korisnik\.m2\repository\org\junit\platform\junit-platform-commons\1.7.1\junit-platform-commons-1.7.1.jar;C:\Users\Korisnik\.m2\repository\org\junit\jupiter\junit-jupiter-params\5.7.1\junit-jupiter-params-5.7.1.jar;C:\Users\Korisnik\.m2\repository\org\junit\jupiter\junit-jupiter-engine\5.7.1\junit-jupiter-engine-5.7.1.jar;C:\Users\Korisnik\.m2\repository\org\junit\platform\junit-platform-engine\1.7.1\junit-platform-engine-1.7.1.jar;C:\Users\Korisnik\.m2\repository\org\mockito\mockito-core\3.6.28\mockito-core-3.6.28.jar;C:\Users\Korisnik\.m2\repository\net\bytebuddy\byte-buddy-agent\1.10.22\byte-buddy-agent-1.10.22.jar;C:\Users\Korisnik\.m2\repository\org\objenesis\objenesis\3.1\objenesis-3.1.jar;C:\Users\Korisnik\.m2\repository\org\mockito\mockito-junit-jupiter\3.6.28\mockito-junit-jupiter-3.6.28.jar;C:\Users\Korisnik\.m2\repository\org\skyscreamer\jsonassert\1.5.0\jsonassert-1.5.0.jar;C:\Users\Korisnik\.m2\repository\com\vaadin\external\google\android-json\0.0.20131108.vaadin1\android-json-0.0.20131108.vaadin1.jar;C:\Users\Korisnik\.m2\repository\org\springframework\spring-core\5.3.6\spring-core-5.3.6.jar;C:\Users\Korisnik\.m2\repository\org\springframework\spring-jcl\5.3.6\spring-jcl-5.3.6.jar;C:\Users\Korisnik\.m2\repository\org\springframework\spring-test\5.3.6\spring-test-5.3.6.jar;C:\Users\Korisnik\.m2\repository\org\xmlunit\xmlunit-core\2.7.0\xmlunit-core-2.7.0.jar;"/>
    <property name="sun.cpu.endian" value="little"/>
    <property name="user.home" value="C:\Users\Korisnik"/>
    <property name="user.language" value="en"/>
    <property name="java.specification.vendor" value="Oracle Corporation"/>
    <property name="java.home" value="C:\Program Files\Java\jdk1.8.0_271\jre"/>
    <property name="basedir" value="C:\sbnz\projekat\SBNZ\recommendation-and-troubleshooting"/>
    <property name="file.separator" value="\"/>
    <property name="line.separator" value="&#10;"/>
    <property name="java.vm.specification.vendor" value="Oracle Corporation"/>
    <property name="java.specification.name" value="Java Platform API Specification"/>
    <property name="java.awt.graphicsenv" value="sun.awt.Win32GraphicsEnvironment"/>
    <property name="surefire.real.class.path" value="C:\Users\Korisnik\AppData\Local\Temp\surefire4310390953320512404\surefirebooter1067736638176785059.jar"/>
    <property name="sun.boot.class.path" value="C:\Program Files\Java\jdk1.8.0_271\jre\lib\resources.jar;C:\Program Files\Java\jdk1.8.0_271\jre\lib\rt.jar;C:\Program Files\Java\jdk1.8.0_271\jre\lib\sunrsasign.jar;C:\Program Files\Java\jdk1.8.0_271\jre\lib\jsse.jar;C:\Program Files\Java\jdk1.8.0_271\jre\lib\jce.jar;C:\Program Files\Java\jdk1.8.0_271\jre\lib\charsets.jar;C:\Program Files\Java\jdk1.8.0_271\jre\lib\jfr.jar;C:\Program Files\Java\jdk1.8.0_271\jre\classes"/>
    <property name="user.script" value=""/>
    <property name="sun.management.compiler" value="HotSpot 64-Bit Tiered Compilers"/>
    <property name="java.runtime.version" value="1.8.0_271-b09"/>
    <property name="user.name" value="Korisnik"/>
    <property name="path.separator" value=";"/>
    <property name="os.version" value="10.0"/>
    <property name="java.endorsed.dirs" value="C:\Program Files\Java\jdk1.8.0_271\jre\lib\endorsed"/>
    <property name="java.runtime.name" value="Java(TM) SE Runtime Environment"/>
    <property name="file.encoding" value="Cp1252"/>
    <property name="java.vm.name" value="Java HotSpot(TM) 64-Bit Server VM"/>
    <property name="localRepository" value="C:\Users\Korisnik\.m2\repository"/>
    <property name="java.vendor.url.bug" value="http://bugreport.sun.com/bugreport/"/>
    <property name="java.io.tmpdir" value="C:\Users\Korisnik\AppData\Local\Temp\"/>
    <property name="java.version" value="1.8.0_271"/>
    <property name="user.dir" value="C:\sbnz\projekat\SBNZ\recommendation-and-troubleshooting"/>
    <property name="os.arch" value="amd64"/>
    <property name="java.vm.specification.name" value="Java Virtual Machine Specification"/>
    <property name="java.awt.printerjob" value="sun.awt.windows.WPrinterJob"/>
    <property name="sun.os.patch.level" value=""/>
    <property name="java.library.path" value="C:\Program Files\Java\jdk1.8.0_271\jre\bin;C:\Windows\Sun\Java\bin;C:\Windows\system32;C:\Windows;C:/Program Files/Java/jre1.8.0_271/bin/server;C:/Program Files/Java/jre1.8.0_271/bin;C:/Program Files/Java/jre1.8.0_271/lib/amd64;C:\Program Files\Python 3.5\Scripts\;C:\Program Files\Python 3.5\;C:\Program Files (x86)\Common Files\Oracle\Java\javapath;C:\Windows\system32;C:\Windows;C:\Windows\System32\Wbem;C:\Windows\System32\WindowsPowerShell\v1.0\;C:\Windows\System32\OpenSSH\;C:\Program Files (x86)\Intel\Intel(R) Management Engine Components\DAL;C:\Program Files\Intel\Intel(R) Management Engine Components\DAL;C:\Program Files\Java\jdk1.8.0_271\bin;C:\Program Files\Microsoft SQL Server\130\Tools\Binn\;C:\Program Files\Microsoft SQL Server\Client SDK\ODBC\170\Tools\Binn\;C:\Program Files\Git\cmd;C:\Program Files\nodejs\;C:\Program Files\PostgreSQL\10\bin;C:\Program Files\PostgreSQL\10\lib;C:\Program Files\dotnet\;C:\Program Files (x86)\dotnet\;C:\Program Files (x86)\Microsoft SQL Server\150\Tools\Binn\;C:\Program Files\Microsoft SQL Server\150\Tools\Binn\;C:\Program Files\Microsoft SQL Server\150\DTS\Binn\;C:\Program Files (x86)\Microsoft SQL Server\150\DTS\Binn\;C:\Program Files\Azure Data Studio\bin;C:\Program Files\PuTTY\;C:\Users\Korisnik\AppData\Local\Microsoft\WindowsApps;C:\Users\Korisnik\AppData\Local\Programs\Microsoft VS Code\bin;C:\Program Files\JetBrains\PyCharm Community Edition 2020.2.3\bin;;C:\Users\Korisnik\AppData\Roaming\npm;C:\Users\Korisnik\AppData\Roaming\Python\Python36\Scripts;C:\Users\Korisnik\.dotnet\tools;C:\Program Files\Azure Data Studio\bin;C:\Users\Korisnik\Desktop;;."/>
    <property name="java.vm.info" value="mixed mode"/>
    <property name="java.vendor" value="Oracle Corporation"/>
    <property name="java.vm.version" value="25.271-b09"/>
    <property name="java.ext.dirs" value="C:\Program Files\Java\jdk1.8.0_271\jre\lib\ext;C:\Windows\Sun\Java\lib\ext"/>
    <property name="sun.io.unicode.encoding" value="UnicodeLittle"/>
    <property name="java.class.version" value="52.0"/>
  </properties>
  <testcase name="contextLoads" classname="project.recommendationandtroubleshooting.RecommendationAndTroubleshootingApplicationTests" time="0.106"/>
</testsuite>